{"C:\\Users\\joshu\\Documents\\Xenia-SoftwareDesignProject\\xenia-api\\controllers\\eventManagementController.js": {"path":"C:\\Users\\joshu\\Documents\\Xenia-SoftwareDesignProject\\xenia-api\\controllers\\eventManagementController.js","all":false,"statementMap":{"0":{"start":{"line":1,"column":0},"end":{"line":1,"column":30}},"1":{"start":{"line":2,"column":0},"end":{"line":2,"column":35}},"2":{"start":{"line":3,"column":0},"end":{"line":3,"column":32}},"3":{"start":{"line":4,"column":0},"end":{"line":4,"column":33}},"4":{"start":{"line":5,"column":0},"end":{"line":5,"column":0}},"5":{"start":{"line":6,"column":0},"end":{"line":6,"column":42}},"6":{"start":{"line":7,"column":0},"end":{"line":7,"column":0}},"7":{"start":{"line":8,"column":0},"end":{"line":8,"column":27}},"8":{"start":{"line":9,"column":0},"end":{"line":9,"column":0}},"9":{"start":{"line":10,"column":0},"end":{"line":10,"column":0}},"10":{"start":{"line":11,"column":0},"end":{"line":11,"column":82}},"11":{"start":{"line":12,"column":0},"end":{"line":12,"column":38}},"12":{"start":{"line":13,"column":0},"end":{"line":13,"column":83}},"13":{"start":{"line":14,"column":0},"end":{"line":14,"column":81}},"14":{"start":{"line":15,"column":0},"end":{"line":15,"column":0}},"15":{"start":{"line":16,"column":0},"end":{"line":16,"column":44}},"16":{"start":{"line":17,"column":0},"end":{"line":17,"column":60}},"17":{"start":{"line":18,"column":0},"end":{"line":18,"column":0}},"18":{"start":{"line":19,"column":0},"end":{"line":19,"column":9}},"19":{"start":{"line":20,"column":0},"end":{"line":20,"column":61}},"20":{"start":{"line":21,"column":0},"end":{"line":21,"column":24}},"21":{"start":{"line":22,"column":0},"end":{"line":22,"column":48}},"22":{"start":{"line":23,"column":0},"end":{"line":23,"column":37}},"23":{"start":{"line":24,"column":0},"end":{"line":24,"column":43}},"24":{"start":{"line":25,"column":0},"end":{"line":25,"column":35}},"25":{"start":{"line":26,"column":0},"end":{"line":26,"column":37}},"26":{"start":{"line":27,"column":0},"end":{"line":27,"column":25}},"27":{"start":{"line":28,"column":0},"end":{"line":28,"column":29}},"28":{"start":{"line":29,"column":0},"end":{"line":29,"column":98}},"29":{"start":{"line":30,"column":0},"end":{"line":30,"column":9}},"30":{"start":{"line":31,"column":0},"end":{"line":31,"column":39}},"31":{"start":{"line":32,"column":0},"end":{"line":32,"column":45}},"32":{"start":{"line":33,"column":0},"end":{"line":33,"column":51}},"33":{"start":{"line":34,"column":0},"end":{"line":34,"column":43}},"34":{"start":{"line":35,"column":0},"end":{"line":35,"column":45}},"35":{"start":{"line":36,"column":0},"end":{"line":36,"column":33}},"36":{"start":{"line":37,"column":0},"end":{"line":37,"column":35}},"37":{"start":{"line":38,"column":0},"end":{"line":38,"column":84}},"38":{"start":{"line":39,"column":0},"end":{"line":39,"column":9}},"39":{"start":{"line":40,"column":0},"end":{"line":40,"column":20}},"40":{"start":{"line":41,"column":0},"end":{"line":41,"column":80}},"41":{"start":{"line":42,"column":0},"end":{"line":42,"column":5}},"42":{"start":{"line":43,"column":0},"end":{"line":43,"column":6}},"43":{"start":{"line":44,"column":0},"end":{"line":44,"column":2}}},"s":{"0":1,"1":1,"2":1,"3":1,"4":1,"5":1,"6":1,"7":1,"8":1,"9":1,"10":1,"11":1,"12":3,"13":3,"14":3,"15":3,"16":3,"17":3,"18":3,"19":3,"20":3,"21":0,"22":0,"23":0,"24":0,"25":0,"26":0,"27":0,"28":0,"29":0,"30":2,"31":2,"32":2,"33":2,"34":2,"35":2,"36":2,"37":2,"38":2,"39":3,"40":0,"41":0,"42":3,"43":3},"branchMap":{"0":{"type":"branch","line":12,"loc":{"start":{"line":12,"column":17},"end":{"line":44,"column":2}},"locations":[{"start":{"line":12,"column":17},"end":{"line":44,"column":2}}]},"1":{"type":"branch","line":21,"loc":{"start":{"line":21,"column":23},"end":{"line":30,"column":9}},"locations":[{"start":{"line":21,"column":23},"end":{"line":30,"column":9}}]},"2":{"type":"branch","line":31,"loc":{"start":{"line":31,"column":-2},"end":{"line":39,"column":9}},"locations":[{"start":{"line":31,"column":-2},"end":{"line":39,"column":9}}]},"3":{"type":"branch","line":40,"loc":{"start":{"line":40,"column":6},"end":{"line":42,"column":5}},"locations":[{"start":{"line":40,"column":6},"end":{"line":42,"column":5}}]}},"b":{"0":[3],"1":[0],"2":[2],"3":[0]},"fnMap":{"0":{"name":"Object.<anonymous>.exports.manage","decl":{"start":{"line":12,"column":17},"end":{"line":44,"column":2}},"loc":{"start":{"line":12,"column":17},"end":{"line":44,"column":2}},"line":12}},"f":{"0":3}}
,"C:\\Users\\joshu\\Documents\\Xenia-SoftwareDesignProject\\xenia-api\\controllers\\userController.js": {"path":"C:\\Users\\joshu\\Documents\\Xenia-SoftwareDesignProject\\xenia-api\\controllers\\userController.js","all":false,"statementMap":{"0":{"start":{"line":1,"column":0},"end":{"line":1,"column":33}},"1":{"start":{"line":2,"column":0},"end":{"line":2,"column":30}},"2":{"start":{"line":3,"column":0},"end":{"line":3,"column":31}},"3":{"start":{"line":4,"column":0},"end":{"line":4,"column":0}},"4":{"start":{"line":5,"column":0},"end":{"line":5,"column":42}},"5":{"start":{"line":6,"column":0},"end":{"line":6,"column":0}},"6":{"start":{"line":7,"column":0},"end":{"line":7,"column":27}},"7":{"start":{"line":8,"column":0},"end":{"line":8,"column":0}},"8":{"start":{"line":9,"column":0},"end":{"line":9,"column":25}},"9":{"start":{"line":10,"column":0},"end":{"line":10,"column":50}},"10":{"start":{"line":11,"column":0},"end":{"line":11,"column":40}},"11":{"start":{"line":12,"column":0},"end":{"line":12,"column":32}},"12":{"start":{"line":13,"column":0},"end":{"line":13,"column":1}},"13":{"start":{"line":14,"column":0},"end":{"line":14,"column":0}},"14":{"start":{"line":15,"column":0},"end":{"line":15,"column":44}},"15":{"start":{"line":16,"column":0},"end":{"line":16,"column":105}},"16":{"start":{"line":17,"column":0},"end":{"line":17,"column":2}},"17":{"start":{"line":18,"column":0},"end":{"line":18,"column":0}},"18":{"start":{"line":19,"column":0},"end":{"line":19,"column":43}},"19":{"start":{"line":20,"column":0},"end":{"line":20,"column":102}},"20":{"start":{"line":21,"column":0},"end":{"line":21,"column":91}},"21":{"start":{"line":22,"column":0},"end":{"line":22,"column":8}},"22":{"start":{"line":23,"column":0},"end":{"line":23,"column":38}},"23":{"start":{"line":24,"column":0},"end":{"line":24,"column":36}},"24":{"start":{"line":25,"column":0},"end":{"line":25,"column":0}},"25":{"start":{"line":26,"column":0},"end":{"line":26,"column":9}},"26":{"start":{"line":27,"column":0},"end":{"line":27,"column":56}},"27":{"start":{"line":28,"column":0},"end":{"line":28,"column":50}},"28":{"start":{"line":29,"column":0},"end":{"line":29,"column":72}},"29":{"start":{"line":30,"column":0},"end":{"line":30,"column":7}},"30":{"start":{"line":31,"column":0},"end":{"line":31,"column":0}},"31":{"start":{"line":32,"column":0},"end":{"line":32,"column":86}},"32":{"start":{"line":33,"column":0},"end":{"line":33,"column":72}},"33":{"start":{"line":34,"column":0},"end":{"line":34,"column":7}},"34":{"start":{"line":35,"column":0},"end":{"line":35,"column":0}},"35":{"start":{"line":36,"column":0},"end":{"line":36,"column":12}},"36":{"start":{"line":37,"column":0},"end":{"line":37,"column":80}},"37":{"start":{"line":38,"column":0},"end":{"line":38,"column":7}},"38":{"start":{"line":39,"column":0},"end":{"line":39,"column":0}},"39":{"start":{"line":40,"column":0},"end":{"line":40,"column":21}},"40":{"start":{"line":41,"column":0},"end":{"line":41,"column":71}},"41":{"start":{"line":42,"column":0},"end":{"line":42,"column":27}},"42":{"start":{"line":43,"column":0},"end":{"line":43,"column":5}},"43":{"start":{"line":44,"column":0},"end":{"line":44,"column":3}},"44":{"start":{"line":45,"column":0},"end":{"line":45,"column":2}},"45":{"start":{"line":46,"column":0},"end":{"line":46,"column":0}},"46":{"start":{"line":47,"column":0},"end":{"line":47,"column":46}},"47":{"start":{"line":48,"column":0},"end":{"line":48,"column":102}},"48":{"start":{"line":49,"column":0},"end":{"line":49,"column":91}},"49":{"start":{"line":50,"column":0},"end":{"line":50,"column":8}},"50":{"start":{"line":51,"column":0},"end":{"line":51,"column":9}},"51":{"start":{"line":52,"column":0},"end":{"line":52,"column":60}},"52":{"start":{"line":53,"column":0},"end":{"line":53,"column":41}},"53":{"start":{"line":54,"column":0},"end":{"line":54,"column":65}},"54":{"start":{"line":55,"column":0},"end":{"line":55,"column":7}},"55":{"start":{"line":56,"column":0},"end":{"line":56,"column":12}},"56":{"start":{"line":57,"column":0},"end":{"line":57,"column":64}},"57":{"start":{"line":58,"column":0},"end":{"line":58,"column":67}},"58":{"start":{"line":59,"column":0},"end":{"line":59,"column":96}},"59":{"start":{"line":60,"column":0},"end":{"line":60,"column":7}},"60":{"start":{"line":61,"column":0},"end":{"line":61,"column":0}},"61":{"start":{"line":62,"column":0},"end":{"line":62,"column":21}},"62":{"start":{"line":63,"column":0},"end":{"line":63,"column":73}},"63":{"start":{"line":64,"column":0},"end":{"line":64,"column":27}},"64":{"start":{"line":65,"column":0},"end":{"line":65,"column":5}},"65":{"start":{"line":66,"column":0},"end":{"line":66,"column":3}},"66":{"start":{"line":67,"column":0},"end":{"line":67,"column":2}}},"s":{"0":1,"1":1,"2":1,"3":1,"4":1,"5":1,"6":1,"7":1,"8":1,"9":12,"10":12,"11":12,"12":12,"13":1,"14":1,"15":1,"16":1,"17":1,"18":1,"19":7,"20":6,"21":4,"22":4,"23":4,"24":4,"25":4,"26":4,"27":4,"28":1,"29":1,"30":2,"31":2,"32":1,"33":1,"34":1,"35":1,"36":1,"37":1,"38":4,"39":4,"40":1,"41":1,"42":1,"43":4,"44":7,"45":1,"46":1,"47":7,"48":6,"49":4,"50":4,"51":4,"52":4,"53":2,"54":2,"55":1,"56":1,"57":1,"58":1,"59":1,"60":4,"61":4,"62":1,"63":1,"64":1,"65":4,"66":7},"branchMap":{"0":{"type":"branch","line":9,"loc":{"start":{"line":9,"column":14},"end":{"line":13,"column":1}},"locations":[{"start":{"line":9,"column":14},"end":{"line":13,"column":1}}]},"1":{"type":"branch","line":15,"loc":{"start":{"line":15,"column":23},"end":{"line":17,"column":2}},"locations":[{"start":{"line":15,"column":23},"end":{"line":17,"column":2}}]},"2":{"type":"branch","line":19,"loc":{"start":{"line":19,"column":16},"end":{"line":45,"column":2}},"locations":[{"start":{"line":19,"column":16},"end":{"line":45,"column":2}}]},"3":{"type":"branch","line":20,"loc":{"start":{"line":20,"column":29},"end":{"line":20,"column":47}},"locations":[{"start":{"line":20,"column":29},"end":{"line":20,"column":47}}]},"4":{"type":"branch","line":20,"loc":{"start":{"line":20,"column":49},"end":{"line":20,"column":102}},"locations":[{"start":{"line":20,"column":49},"end":{"line":20,"column":102}}]},"5":{"type":"branch","line":21,"loc":{"start":{"line":21,"column":-2},"end":{"line":44,"column":3}},"locations":[{"start":{"line":21,"column":-2},"end":{"line":44,"column":3}}]},"6":{"type":"branch","line":21,"loc":{"start":{"line":21,"column":40},"end":{"line":21,"column":91}},"locations":[{"start":{"line":21,"column":40},"end":{"line":21,"column":91}}]},"7":{"type":"branch","line":22,"loc":{"start":{"line":22,"column":-2},"end":{"line":44,"column":3}},"locations":[{"start":{"line":22,"column":-2},"end":{"line":44,"column":3}}]},"8":{"type":"branch","line":27,"loc":{"start":{"line":27,"column":55},"end":{"line":28,"column":23}},"locations":[{"start":{"line":27,"column":55},"end":{"line":28,"column":23}}]},"9":{"type":"branch","line":28,"loc":{"start":{"line":28,"column":23},"end":{"line":30,"column":7}},"locations":[{"start":{"line":28,"column":23},"end":{"line":30,"column":7}}]},"10":{"type":"branch","line":31,"loc":{"start":{"line":31,"column":-2},"end":{"line":38,"column":7}},"locations":[{"start":{"line":31,"column":-2},"end":{"line":38,"column":7}}]},"11":{"type":"branch","line":32,"loc":{"start":{"line":32,"column":67},"end":{"line":38,"column":7}},"locations":[{"start":{"line":32,"column":67},"end":{"line":38,"column":7}}]},"12":{"type":"branch","line":40,"loc":{"start":{"line":40,"column":6},"end":{"line":43,"column":5}},"locations":[{"start":{"line":40,"column":6},"end":{"line":43,"column":5}}]},"13":{"type":"branch","line":47,"loc":{"start":{"line":47,"column":19},"end":{"line":67,"column":2}},"locations":[{"start":{"line":47,"column":19},"end":{"line":67,"column":2}}]},"14":{"type":"branch","line":48,"loc":{"start":{"line":48,"column":29},"end":{"line":48,"column":47}},"locations":[{"start":{"line":48,"column":29},"end":{"line":48,"column":47}}]},"15":{"type":"branch","line":48,"loc":{"start":{"line":48,"column":49},"end":{"line":48,"column":102}},"locations":[{"start":{"line":48,"column":49},"end":{"line":48,"column":102}}]},"16":{"type":"branch","line":49,"loc":{"start":{"line":49,"column":-2},"end":{"line":66,"column":3}},"locations":[{"start":{"line":49,"column":-2},"end":{"line":66,"column":3}}]},"17":{"type":"branch","line":49,"loc":{"start":{"line":49,"column":40},"end":{"line":49,"column":91}},"locations":[{"start":{"line":49,"column":40},"end":{"line":49,"column":91}}]},"18":{"type":"branch","line":50,"loc":{"start":{"line":50,"column":-2},"end":{"line":66,"column":3}},"locations":[{"start":{"line":50,"column":-2},"end":{"line":66,"column":3}}]},"19":{"type":"branch","line":52,"loc":{"start":{"line":52,"column":59},"end":{"line":53,"column":22}},"locations":[{"start":{"line":52,"column":59},"end":{"line":53,"column":22}}]},"20":{"type":"branch","line":53,"loc":{"start":{"line":53,"column":22},"end":{"line":55,"column":7}},"locations":[{"start":{"line":53,"column":22},"end":{"line":55,"column":7}}]},"21":{"type":"branch","line":56,"loc":{"start":{"line":56,"column":-2},"end":{"line":60,"column":7}},"locations":[{"start":{"line":56,"column":-2},"end":{"line":60,"column":7}}]},"22":{"type":"branch","line":62,"loc":{"start":{"line":62,"column":6},"end":{"line":65,"column":5}},"locations":[{"start":{"line":62,"column":6},"end":{"line":65,"column":5}}]}},"b":{"0":[12],"1":[1],"2":[7],"3":[6],"4":[1],"5":[6],"6":[2],"7":[4],"8":[3],"9":[1],"10":[2],"11":[1],"12":[1],"13":[7],"14":[6],"15":[1],"16":[6],"17":[2],"18":[4],"19":[3],"20":[2],"21":[1],"22":[1]},"fnMap":{"0":{"name":"validEmail","decl":{"start":{"line":9,"column":14},"end":{"line":13,"column":1}},"loc":{"start":{"line":9,"column":14},"end":{"line":13,"column":1}},"line":9},"1":{"name":"Object.<anonymous>.exports.userAuthHome","decl":{"start":{"line":15,"column":23},"end":{"line":17,"column":2}},"loc":{"start":{"line":15,"column":23},"end":{"line":17,"column":2}},"line":15},"2":{"name":"Object.<anonymous>.exports.login","decl":{"start":{"line":19,"column":16},"end":{"line":45,"column":2}},"loc":{"start":{"line":19,"column":16},"end":{"line":45,"column":2}},"line":19},"3":{"name":"Object.<anonymous>.exports.register","decl":{"start":{"line":47,"column":19},"end":{"line":67,"column":2}},"loc":{"start":{"line":47,"column":19},"end":{"line":67,"column":2}},"line":47}},"f":{"0":12,"1":1,"2":7,"3":7}}
,"C:\\Users\\joshu\\Documents\\Xenia-SoftwareDesignProject\\xenia-api\\database\\database.js": {"path":"C:\\Users\\joshu\\Documents\\Xenia-SoftwareDesignProject\\xenia-api\\database\\database.js","all":false,"statementMap":{"0":{"start":{"line":1,"column":0},"end":{"line":1,"column":44}},"1":{"start":{"line":2,"column":0},"end":{"line":2,"column":150}},"2":{"start":{"line":3,"column":0},"end":{"line":3,"column":84}},"3":{"start":{"line":4,"column":0},"end":{"line":4,"column":94}},"4":{"start":{"line":5,"column":0},"end":{"line":5,"column":0}},"5":{"start":{"line":6,"column":0},"end":{"line":6,"column":27}},"6":{"start":{"line":7,"column":0},"end":{"line":7,"column":37}},"7":{"start":{"line":8,"column":0},"end":{"line":8,"column":2}},"8":{"start":{"line":9,"column":0},"end":{"line":9,"column":0}},"9":{"start":{"line":10,"column":0},"end":{"line":10,"column":0}},"10":{"start":{"line":11,"column":0},"end":{"line":11,"column":36}},"11":{"start":{"line":12,"column":0},"end":{"line":12,"column":23}},"12":{"start":{"line":13,"column":0},"end":{"line":13,"column":49}},"13":{"start":{"line":14,"column":0},"end":{"line":14,"column":2}},"14":{"start":{"line":15,"column":0},"end":{"line":15,"column":0}},"15":{"start":{"line":16,"column":0},"end":{"line":16,"column":34}},"16":{"start":{"line":17,"column":0},"end":{"line":17,"column":23}},"17":{"start":{"line":18,"column":0},"end":{"line":18,"column":21}},"18":{"start":{"line":19,"column":0},"end":{"line":19,"column":29}},"19":{"start":{"line":20,"column":0},"end":{"line":20,"column":30}},"20":{"start":{"line":21,"column":0},"end":{"line":21,"column":27}},"21":{"start":{"line":22,"column":0},"end":{"line":22,"column":6}},"22":{"start":{"line":23,"column":0},"end":{"line":23,"column":24}},"23":{"start":{"line":24,"column":0},"end":{"line":24,"column":19}},"24":{"start":{"line":25,"column":0},"end":{"line":25,"column":2}},"25":{"start":{"line":26,"column":0},"end":{"line":26,"column":0}},"26":{"start":{"line":27,"column":0},"end":{"line":27,"column":28}},"27":{"start":{"line":28,"column":0},"end":{"line":28,"column":82}},"28":{"start":{"line":29,"column":0},"end":{"line":29,"column":2}},"29":{"start":{"line":30,"column":0},"end":{"line":30,"column":0}},"30":{"start":{"line":31,"column":0},"end":{"line":31,"column":47}},"31":{"start":{"line":32,"column":0},"end":{"line":32,"column":24}},"32":{"start":{"line":33,"column":0},"end":{"line":33,"column":59}},"33":{"start":{"line":34,"column":0},"end":{"line":34,"column":2}},"34":{"start":{"line":35,"column":0},"end":{"line":35,"column":0}},"35":{"start":{"line":36,"column":0},"end":{"line":36,"column":0}},"36":{"start":{"line":37,"column":0},"end":{"line":37,"column":36}},"37":{"start":{"line":38,"column":0},"end":{"line":38,"column":24}},"38":{"start":{"line":39,"column":0},"end":{"line":39,"column":22}},"39":{"start":{"line":40,"column":0},"end":{"line":40,"column":28}},"40":{"start":{"line":41,"column":0},"end":{"line":41,"column":39}},"41":{"start":{"line":42,"column":0},"end":{"line":42,"column":45}},"42":{"start":{"line":43,"column":0},"end":{"line":43,"column":37}},"43":{"start":{"line":44,"column":0},"end":{"line":44,"column":39}},"44":{"start":{"line":45,"column":0},"end":{"line":45,"column":27}},"45":{"start":{"line":46,"column":0},"end":{"line":46,"column":28}},"46":{"start":{"line":47,"column":0},"end":{"line":47,"column":5}},"47":{"start":{"line":48,"column":0},"end":{"line":48,"column":26}},"48":{"start":{"line":49,"column":0},"end":{"line":49,"column":20}},"49":{"start":{"line":50,"column":0},"end":{"line":50,"column":2}},"50":{"start":{"line":51,"column":0},"end":{"line":51,"column":0}},"51":{"start":{"line":52,"column":0},"end":{"line":52,"column":56}},"52":{"start":{"line":53,"column":0},"end":{"line":53,"column":38}},"53":{"start":{"line":54,"column":0},"end":{"line":54,"column":41}},"54":{"start":{"line":55,"column":0},"end":{"line":55,"column":2}},"55":{"start":{"line":56,"column":0},"end":{"line":56,"column":0}},"56":{"start":{"line":57,"column":0},"end":{"line":57,"column":129}}},"s":{"0":1,"1":1,"2":1,"3":1,"4":1,"5":1,"6":5,"7":5,"8":1,"9":1,"10":1,"11":2,"12":2,"13":2,"14":1,"15":1,"16":1,"17":1,"18":1,"19":1,"20":1,"21":1,"22":1,"23":1,"24":1,"25":1,"26":1,"27":5,"28":5,"29":1,"30":1,"31":2,"32":2,"33":2,"34":1,"35":1,"36":1,"37":1,"38":1,"39":1,"40":1,"41":1,"42":1,"43":1,"44":1,"45":1,"46":1,"47":1,"48":1,"49":1,"50":1,"51":1,"52":1,"53":4,"54":4,"55":1,"56":1},"branchMap":{"0":{"type":"branch","line":6,"loc":{"start":{"line":6,"column":20},"end":{"line":8,"column":2}},"locations":[{"start":{"line":6,"column":20},"end":{"line":8,"column":2}}]},"1":{"type":"branch","line":11,"loc":{"start":{"line":11,"column":25},"end":{"line":14,"column":2}},"locations":[{"start":{"line":11,"column":25},"end":{"line":14,"column":2}}]},"2":{"type":"branch","line":13,"loc":{"start":{"line":13,"column":19},"end":{"line":13,"column":47}},"locations":[{"start":{"line":13,"column":19},"end":{"line":13,"column":47}}]},"3":{"type":"branch","line":16,"loc":{"start":{"line":16,"column":20},"end":{"line":25,"column":2}},"locations":[{"start":{"line":16,"column":20},"end":{"line":25,"column":2}}]},"4":{"type":"branch","line":27,"loc":{"start":{"line":27,"column":21},"end":{"line":29,"column":2}},"locations":[{"start":{"line":27,"column":21},"end":{"line":29,"column":2}}]},"5":{"type":"branch","line":31,"loc":{"start":{"line":31,"column":32},"end":{"line":34,"column":2}},"locations":[{"start":{"line":31,"column":32},"end":{"line":34,"column":2}}]},"6":{"type":"branch","line":33,"loc":{"start":{"line":33,"column":19},"end":{"line":33,"column":57}},"locations":[{"start":{"line":33,"column":19},"end":{"line":33,"column":57}}]},"7":{"type":"branch","line":37,"loc":{"start":{"line":37,"column":21},"end":{"line":50,"column":2}},"locations":[{"start":{"line":37,"column":21},"end":{"line":50,"column":2}}]},"8":{"type":"branch","line":53,"loc":{"start":{"line":53,"column":24},"end":{"line":55,"column":2}},"locations":[{"start":{"line":53,"column":24},"end":{"line":55,"column":2}}]}},"b":{"0":[5],"1":[2],"2":[2],"3":[1],"4":[5],"5":[2],"6":[2],"7":[1],"8":[4]},"fnMap":{"0":{"name":"getAllUsers","decl":{"start":{"line":6,"column":20},"end":{"line":8,"column":2}},"loc":{"start":{"line":6,"column":20},"end":{"line":8,"column":2}},"line":6},"1":{"name":"findUserByEmail","decl":{"start":{"line":11,"column":25},"end":{"line":14,"column":2}},"loc":{"start":{"line":11,"column":25},"end":{"line":14,"column":2}},"line":11},"2":{"name":"createUser","decl":{"start":{"line":16,"column":20},"end":{"line":25,"column":2}},"loc":{"start":{"line":16,"column":20},"end":{"line":25,"column":2}},"line":16},"3":{"name":"getAllEvents","decl":{"start":{"line":27,"column":21},"end":{"line":29,"column":2}},"loc":{"start":{"line":27,"column":21},"end":{"line":29,"column":2}},"line":27},"4":{"name":"findEventByNameAndDate","decl":{"start":{"line":31,"column":32},"end":{"line":34,"column":2}},"loc":{"start":{"line":31,"column":32},"end":{"line":34,"column":2}},"line":31},"5":{"name":"createEvent","decl":{"start":{"line":37,"column":21},"end":{"line":50,"column":2}},"loc":{"start":{"line":37,"column":21},"end":{"line":50,"column":2}},"line":37},"6":{"name":"__setMockUsers","decl":{"start":{"line":53,"column":24},"end":{"line":55,"column":2}},"loc":{"start":{"line":53,"column":24},"end":{"line":55,"column":2}},"line":53}},"f":{"0":5,"1":2,"2":1,"3":5,"4":2,"5":1,"6":4}}
,"C:\\Users\\joshu\\Documents\\Xenia-SoftwareDesignProject\\xenia-api\\routes\\eventManagement.js": {"path":"C:\\Users\\joshu\\Documents\\Xenia-SoftwareDesignProject\\xenia-api\\routes\\eventManagement.js","all":false,"statementMap":{"0":{"start":{"line":1,"column":0},"end":{"line":1,"column":20}},"1":{"start":{"line":2,"column":0},"end":{"line":2,"column":35}},"2":{"start":{"line":3,"column":0},"end":{"line":3,"column":32}},"3":{"start":{"line":4,"column":0},"end":{"line":4,"column":70}},"4":{"start":{"line":5,"column":0},"end":{"line":5,"column":0}},"5":{"start":{"line":6,"column":0},"end":{"line":6,"column":48}},"6":{"start":{"line":7,"column":0},"end":{"line":7,"column":31}},"7":{"start":{"line":8,"column":0},"end":{"line":8,"column":0}},"8":{"start":{"line":9,"column":0},"end":{"line":9,"column":24}}},"s":{"0":1,"1":1,"2":1,"3":1,"4":1,"5":1,"6":1,"7":1,"8":1},"branchMap":{},"b":{},"fnMap":{},"f":{}}
}
