{"/workspaces/xenia-api/controllers/userController.js": {"path":"/workspaces/xenia-api/controllers/userController.js","all":false,"statementMap":{"0":{"start":{"line":1,"column":0},"end":{"line":1,"column":33}},"1":{"start":{"line":2,"column":0},"end":{"line":2,"column":30}},"2":{"start":{"line":3,"column":0},"end":{"line":3,"column":31}},"3":{"start":{"line":4,"column":0},"end":{"line":4,"column":0}},"4":{"start":{"line":5,"column":0},"end":{"line":5,"column":42}},"5":{"start":{"line":6,"column":0},"end":{"line":6,"column":0}},"6":{"start":{"line":7,"column":0},"end":{"line":7,"column":27}},"7":{"start":{"line":8,"column":0},"end":{"line":8,"column":0}},"8":{"start":{"line":9,"column":0},"end":{"line":9,"column":25}},"9":{"start":{"line":10,"column":0},"end":{"line":10,"column":50}},"10":{"start":{"line":11,"column":0},"end":{"line":11,"column":40}},"11":{"start":{"line":12,"column":0},"end":{"line":12,"column":32}},"12":{"start":{"line":13,"column":0},"end":{"line":13,"column":1}},"13":{"start":{"line":14,"column":0},"end":{"line":14,"column":0}},"14":{"start":{"line":15,"column":0},"end":{"line":15,"column":44}},"15":{"start":{"line":16,"column":0},"end":{"line":16,"column":105}},"16":{"start":{"line":17,"column":0},"end":{"line":17,"column":2}},"17":{"start":{"line":18,"column":0},"end":{"line":18,"column":0}},"18":{"start":{"line":19,"column":0},"end":{"line":19,"column":43}},"19":{"start":{"line":20,"column":0},"end":{"line":20,"column":102}},"20":{"start":{"line":21,"column":0},"end":{"line":21,"column":91}},"21":{"start":{"line":22,"column":0},"end":{"line":22,"column":8}},"22":{"start":{"line":23,"column":0},"end":{"line":23,"column":38}},"23":{"start":{"line":24,"column":0},"end":{"line":24,"column":36}},"24":{"start":{"line":25,"column":0},"end":{"line":25,"column":0}},"25":{"start":{"line":26,"column":0},"end":{"line":26,"column":9}},"26":{"start":{"line":27,"column":0},"end":{"line":27,"column":56}},"27":{"start":{"line":28,"column":0},"end":{"line":28,"column":50}},"28":{"start":{"line":29,"column":0},"end":{"line":29,"column":72}},"29":{"start":{"line":30,"column":0},"end":{"line":30,"column":7}},"30":{"start":{"line":31,"column":0},"end":{"line":31,"column":0}},"31":{"start":{"line":32,"column":0},"end":{"line":32,"column":86}},"32":{"start":{"line":33,"column":0},"end":{"line":33,"column":72}},"33":{"start":{"line":34,"column":0},"end":{"line":34,"column":7}},"34":{"start":{"line":35,"column":0},"end":{"line":35,"column":0}},"35":{"start":{"line":36,"column":0},"end":{"line":36,"column":12}},"36":{"start":{"line":37,"column":0},"end":{"line":37,"column":80}},"37":{"start":{"line":38,"column":0},"end":{"line":38,"column":7}},"38":{"start":{"line":39,"column":0},"end":{"line":39,"column":0}},"39":{"start":{"line":40,"column":0},"end":{"line":40,"column":21}},"40":{"start":{"line":41,"column":0},"end":{"line":41,"column":71}},"41":{"start":{"line":42,"column":0},"end":{"line":42,"column":27}},"42":{"start":{"line":43,"column":0},"end":{"line":43,"column":5}},"43":{"start":{"line":44,"column":0},"end":{"line":44,"column":3}},"44":{"start":{"line":45,"column":0},"end":{"line":45,"column":2}},"45":{"start":{"line":46,"column":0},"end":{"line":46,"column":0}},"46":{"start":{"line":47,"column":0},"end":{"line":47,"column":46}},"47":{"start":{"line":48,"column":0},"end":{"line":48,"column":102}},"48":{"start":{"line":49,"column":0},"end":{"line":49,"column":91}},"49":{"start":{"line":50,"column":0},"end":{"line":50,"column":8}},"50":{"start":{"line":51,"column":0},"end":{"line":51,"column":9}},"51":{"start":{"line":52,"column":0},"end":{"line":52,"column":60}},"52":{"start":{"line":53,"column":0},"end":{"line":53,"column":41}},"53":{"start":{"line":54,"column":0},"end":{"line":54,"column":65}},"54":{"start":{"line":55,"column":0},"end":{"line":55,"column":7}},"55":{"start":{"line":56,"column":0},"end":{"line":56,"column":12}},"56":{"start":{"line":57,"column":0},"end":{"line":57,"column":64}},"57":{"start":{"line":58,"column":0},"end":{"line":58,"column":67}},"58":{"start":{"line":59,"column":0},"end":{"line":59,"column":96}},"59":{"start":{"line":60,"column":0},"end":{"line":60,"column":7}},"60":{"start":{"line":61,"column":0},"end":{"line":61,"column":0}},"61":{"start":{"line":62,"column":0},"end":{"line":62,"column":21}},"62":{"start":{"line":63,"column":0},"end":{"line":63,"column":73}},"63":{"start":{"line":64,"column":0},"end":{"line":64,"column":27}},"64":{"start":{"line":65,"column":0},"end":{"line":65,"column":5}},"65":{"start":{"line":66,"column":0},"end":{"line":66,"column":3}},"66":{"start":{"line":67,"column":0},"end":{"line":67,"column":2}}},"s":{"0":1,"1":1,"2":1,"3":1,"4":1,"5":1,"6":1,"7":1,"8":1,"9":6,"10":6,"11":6,"12":6,"13":1,"14":1,"15":1,"16":1,"17":1,"18":1,"19":7,"20":6,"21":4,"22":4,"23":4,"24":4,"25":4,"26":4,"27":4,"28":1,"29":1,"30":2,"31":2,"32":1,"33":1,"34":1,"35":1,"36":1,"37":1,"38":4,"39":4,"40":1,"41":1,"42":1,"43":4,"44":7,"45":1,"46":1,"47":7,"48":6,"49":4,"50":4,"51":4,"52":4,"53":2,"54":2,"55":1,"56":1,"57":1,"58":1,"59":1,"60":4,"61":4,"62":1,"63":1,"64":1,"65":4,"66":7},"branchMap":{"0":{"type":"branch","line":9,"loc":{"start":{"line":9,"column":14},"end":{"line":13,"column":1}},"locations":[{"start":{"line":9,"column":14},"end":{"line":13,"column":1}}]},"1":{"type":"branch","line":15,"loc":{"start":{"line":15,"column":23},"end":{"line":17,"column":2}},"locations":[{"start":{"line":15,"column":23},"end":{"line":17,"column":2}}]},"2":{"type":"branch","line":19,"loc":{"start":{"line":19,"column":16},"end":{"line":45,"column":2}},"locations":[{"start":{"line":19,"column":16},"end":{"line":45,"column":2}}]},"3":{"type":"branch","line":20,"loc":{"start":{"line":20,"column":29},"end":{"line":20,"column":47}},"locations":[{"start":{"line":20,"column":29},"end":{"line":20,"column":47}}]},"4":{"type":"branch","line":20,"loc":{"start":{"line":20,"column":49},"end":{"line":20,"column":102}},"locations":[{"start":{"line":20,"column":49},"end":{"line":20,"column":102}}]},"5":{"type":"branch","line":21,"loc":{"start":{"line":21,"column":-1},"end":{"line":44,"column":3}},"locations":[{"start":{"line":21,"column":-1},"end":{"line":44,"column":3}}]},"6":{"type":"branch","line":21,"loc":{"start":{"line":21,"column":40},"end":{"line":21,"column":91}},"locations":[{"start":{"line":21,"column":40},"end":{"line":21,"column":91}}]},"7":{"type":"branch","line":22,"loc":{"start":{"line":22,"column":-1},"end":{"line":44,"column":3}},"locations":[{"start":{"line":22,"column":-1},"end":{"line":44,"column":3}}]},"8":{"type":"branch","line":27,"loc":{"start":{"line":27,"column":55},"end":{"line":28,"column":23}},"locations":[{"start":{"line":27,"column":55},"end":{"line":28,"column":23}}]},"9":{"type":"branch","line":28,"loc":{"start":{"line":28,"column":23},"end":{"line":30,"column":7}},"locations":[{"start":{"line":28,"column":23},"end":{"line":30,"column":7}}]},"10":{"type":"branch","line":31,"loc":{"start":{"line":31,"column":-1},"end":{"line":38,"column":7}},"locations":[{"start":{"line":31,"column":-1},"end":{"line":38,"column":7}}]},"11":{"type":"branch","line":32,"loc":{"start":{"line":32,"column":67},"end":{"line":38,"column":7}},"locations":[{"start":{"line":32,"column":67},"end":{"line":38,"column":7}}]},"12":{"type":"branch","line":40,"loc":{"start":{"line":40,"column":6},"end":{"line":43,"column":5}},"locations":[{"start":{"line":40,"column":6},"end":{"line":43,"column":5}}]},"13":{"type":"branch","line":47,"loc":{"start":{"line":47,"column":19},"end":{"line":67,"column":2}},"locations":[{"start":{"line":47,"column":19},"end":{"line":67,"column":2}}]},"14":{"type":"branch","line":48,"loc":{"start":{"line":48,"column":29},"end":{"line":48,"column":47}},"locations":[{"start":{"line":48,"column":29},"end":{"line":48,"column":47}}]},"15":{"type":"branch","line":48,"loc":{"start":{"line":48,"column":49},"end":{"line":48,"column":102}},"locations":[{"start":{"line":48,"column":49},"end":{"line":48,"column":102}}]},"16":{"type":"branch","line":49,"loc":{"start":{"line":49,"column":-1},"end":{"line":66,"column":3}},"locations":[{"start":{"line":49,"column":-1},"end":{"line":66,"column":3}}]},"17":{"type":"branch","line":49,"loc":{"start":{"line":49,"column":40},"end":{"line":49,"column":91}},"locations":[{"start":{"line":49,"column":40},"end":{"line":49,"column":91}}]},"18":{"type":"branch","line":50,"loc":{"start":{"line":50,"column":-1},"end":{"line":66,"column":3}},"locations":[{"start":{"line":50,"column":-1},"end":{"line":66,"column":3}}]},"19":{"type":"branch","line":52,"loc":{"start":{"line":52,"column":59},"end":{"line":53,"column":22}},"locations":[{"start":{"line":52,"column":59},"end":{"line":53,"column":22}}]},"20":{"type":"branch","line":53,"loc":{"start":{"line":53,"column":22},"end":{"line":55,"column":7}},"locations":[{"start":{"line":53,"column":22},"end":{"line":55,"column":7}}]},"21":{"type":"branch","line":56,"loc":{"start":{"line":56,"column":-1},"end":{"line":60,"column":7}},"locations":[{"start":{"line":56,"column":-1},"end":{"line":60,"column":7}}]},"22":{"type":"branch","line":62,"loc":{"start":{"line":62,"column":6},"end":{"line":65,"column":5}},"locations":[{"start":{"line":62,"column":6},"end":{"line":65,"column":5}}]}},"b":{"0":[6],"1":[1],"2":[7],"3":[6],"4":[1],"5":[6],"6":[2],"7":[4],"8":[3],"9":[1],"10":[2],"11":[1],"12":[1],"13":[7],"14":[6],"15":[1],"16":[6],"17":[2],"18":[4],"19":[3],"20":[2],"21":[1],"22":[1]},"fnMap":{"0":{"name":"validEmail","decl":{"start":{"line":9,"column":14},"end":{"line":13,"column":1}},"loc":{"start":{"line":9,"column":14},"end":{"line":13,"column":1}},"line":9},"1":{"name":"Object.<anonymous>.exports.userAuthHome","decl":{"start":{"line":15,"column":23},"end":{"line":17,"column":2}},"loc":{"start":{"line":15,"column":23},"end":{"line":17,"column":2}},"line":15},"2":{"name":"Object.<anonymous>.exports.login","decl":{"start":{"line":19,"column":16},"end":{"line":45,"column":2}},"loc":{"start":{"line":19,"column":16},"end":{"line":45,"column":2}},"line":19},"3":{"name":"Object.<anonymous>.exports.register","decl":{"start":{"line":47,"column":19},"end":{"line":67,"column":2}},"loc":{"start":{"line":47,"column":19},"end":{"line":67,"column":2}},"line":47}},"f":{"0":6,"1":1,"2":7,"3":7}}
,"/workspaces/xenia-api/database/database.js": {"path":"/workspaces/xenia-api/database/database.js","all":false,"statementMap":{"0":{"start":{"line":1,"column":0},"end":{"line":1,"column":44}},"1":{"start":{"line":2,"column":0},"end":{"line":2,"column":150}},"2":{"start":{"line":3,"column":0},"end":{"line":3,"column":0}},"3":{"start":{"line":4,"column":0},"end":{"line":4,"column":0}},"4":{"start":{"line":5,"column":0},"end":{"line":5,"column":27}},"5":{"start":{"line":6,"column":0},"end":{"line":6,"column":37}},"6":{"start":{"line":7,"column":0},"end":{"line":7,"column":2}},"7":{"start":{"line":8,"column":0},"end":{"line":8,"column":0}},"8":{"start":{"line":9,"column":0},"end":{"line":9,"column":0}},"9":{"start":{"line":10,"column":0},"end":{"line":10,"column":36}},"10":{"start":{"line":11,"column":0},"end":{"line":11,"column":23}},"11":{"start":{"line":12,"column":0},"end":{"line":12,"column":49}},"12":{"start":{"line":13,"column":0},"end":{"line":13,"column":2}},"13":{"start":{"line":14,"column":0},"end":{"line":14,"column":0}},"14":{"start":{"line":15,"column":0},"end":{"line":15,"column":34}},"15":{"start":{"line":16,"column":0},"end":{"line":16,"column":23}},"16":{"start":{"line":17,"column":0},"end":{"line":17,"column":21}},"17":{"start":{"line":18,"column":0},"end":{"line":18,"column":29}},"18":{"start":{"line":19,"column":0},"end":{"line":19,"column":30}},"19":{"start":{"line":20,"column":0},"end":{"line":20,"column":27}},"20":{"start":{"line":21,"column":0},"end":{"line":21,"column":6}},"21":{"start":{"line":22,"column":0},"end":{"line":22,"column":24}},"22":{"start":{"line":23,"column":0},"end":{"line":23,"column":19}},"23":{"start":{"line":24,"column":0},"end":{"line":24,"column":2}},"24":{"start":{"line":25,"column":0},"end":{"line":25,"column":0}},"25":{"start":{"line":26,"column":0},"end":{"line":26,"column":56}},"26":{"start":{"line":27,"column":0},"end":{"line":27,"column":38}},"27":{"start":{"line":28,"column":0},"end":{"line":28,"column":41}},"28":{"start":{"line":29,"column":0},"end":{"line":29,"column":2}},"29":{"start":{"line":30,"column":0},"end":{"line":30,"column":0}},"30":{"start":{"line":31,"column":0},"end":{"line":31,"column":78}}},"s":{"0":1,"1":1,"2":1,"3":1,"4":1,"5":5,"6":5,"7":1,"8":1,"9":1,"10":2,"11":2,"12":2,"13":1,"14":1,"15":1,"16":1,"17":1,"18":1,"19":1,"20":1,"21":1,"22":1,"23":1,"24":1,"25":1,"26":1,"27":4,"28":4,"29":1,"30":1},"branchMap":{"0":{"type":"branch","line":5,"loc":{"start":{"line":5,"column":20},"end":{"line":7,"column":2}},"locations":[{"start":{"line":5,"column":20},"end":{"line":7,"column":2}}]},"1":{"type":"branch","line":10,"loc":{"start":{"line":10,"column":25},"end":{"line":13,"column":2}},"locations":[{"start":{"line":10,"column":25},"end":{"line":13,"column":2}}]},"2":{"type":"branch","line":12,"loc":{"start":{"line":12,"column":19},"end":{"line":12,"column":47}},"locations":[{"start":{"line":12,"column":19},"end":{"line":12,"column":47}}]},"3":{"type":"branch","line":15,"loc":{"start":{"line":15,"column":20},"end":{"line":24,"column":2}},"locations":[{"start":{"line":15,"column":20},"end":{"line":24,"column":2}}]},"4":{"type":"branch","line":27,"loc":{"start":{"line":27,"column":24},"end":{"line":29,"column":2}},"locations":[{"start":{"line":27,"column":24},"end":{"line":29,"column":2}}]}},"b":{"0":[5],"1":[2],"2":[2],"3":[1],"4":[4]},"fnMap":{"0":{"name":"getAllUsers","decl":{"start":{"line":5,"column":20},"end":{"line":7,"column":2}},"loc":{"start":{"line":5,"column":20},"end":{"line":7,"column":2}},"line":5},"1":{"name":"findUserByEmail","decl":{"start":{"line":10,"column":25},"end":{"line":13,"column":2}},"loc":{"start":{"line":10,"column":25},"end":{"line":13,"column":2}},"line":10},"2":{"name":"createUser","decl":{"start":{"line":15,"column":20},"end":{"line":24,"column":2}},"loc":{"start":{"line":15,"column":20},"end":{"line":24,"column":2}},"line":15},"3":{"name":"__setMockUsers","decl":{"start":{"line":27,"column":24},"end":{"line":29,"column":2}},"loc":{"start":{"line":27,"column":24},"end":{"line":29,"column":2}},"line":27}},"f":{"0":5,"1":2,"2":1,"3":4}}
,"/workspaces/xenia-api/database/voldatabase.js": {"path":"/workspaces/xenia-api/database/voldatabase.js","all":false,"statementMap":{"0":{"start":{"line":1,"column":0},"end":{"line":1,"column":47}},"1":{"start":{"line":2,"column":0},"end":{"line":2,"column":18}},"2":{"start":{"line":3,"column":0},"end":{"line":3,"column":102}},"3":{"start":{"line":4,"column":0},"end":{"line":4,"column":87}},"4":{"start":{"line":5,"column":0},"end":{"line":5,"column":2}},"5":{"start":{"line":6,"column":0},"end":{"line":6,"column":0}},"6":{"start":{"line":7,"column":0},"end":{"line":7,"column":14}},"7":{"start":{"line":8,"column":0},"end":{"line":8,"column":78}},"8":{"start":{"line":9,"column":0},"end":{"line":9,"column":79}},"9":{"start":{"line":10,"column":0},"end":{"line":10,"column":2}},"10":{"start":{"line":11,"column":0},"end":{"line":11,"column":0}},"11":{"start":{"line":12,"column":0},"end":{"line":12,"column":21}},"12":{"start":{"line":13,"column":0},"end":{"line":13,"column":32}},"13":{"start":{"line":14,"column":0},"end":{"line":14,"column":22}},"14":{"start":{"line":15,"column":0},"end":{"line":15,"column":2}},"15":{"start":{"line":16,"column":0},"end":{"line":16,"column":0}},"16":{"start":{"line":17,"column":0},"end":{"line":17,"column":31}},"17":{"start":{"line":18,"column":0},"end":{"line":18,"column":35}},"18":{"start":{"line":19,"column":0},"end":{"line":19,"column":61}},"19":{"start":{"line":20,"column":0},"end":{"line":20,"column":2}},"20":{"start":{"line":21,"column":0},"end":{"line":21,"column":0}},"21":{"start":{"line":22,"column":0},"end":{"line":22,"column":17}},"22":{"start":{"line":23,"column":0},"end":{"line":23,"column":28}},"23":{"start":{"line":24,"column":0},"end":{"line":24,"column":18}},"24":{"start":{"line":25,"column":0},"end":{"line":25,"column":2}},"25":{"start":{"line":26,"column":0},"end":{"line":26,"column":0}},"26":{"start":{"line":27,"column":0},"end":{"line":27,"column":26}},"27":{"start":{"line":28,"column":0},"end":{"line":28,"column":31}},"28":{"start":{"line":29,"column":0},"end":{"line":29,"column":49}},"29":{"start":{"line":30,"column":0},"end":{"line":30,"column":2}},"30":{"start":{"line":31,"column":0},"end":{"line":31,"column":0}},"31":{"start":{"line":32,"column":0},"end":{"line":32,"column":67}},"32":{"start":{"line":33,"column":0},"end":{"line":33,"column":44}},"33":{"start":{"line":34,"column":0},"end":{"line":34,"column":41}},"34":{"start":{"line":35,"column":0},"end":{"line":35,"column":26}},"35":{"start":{"line":36,"column":0},"end":{"line":36,"column":0}},"36":{"start":{"line":37,"column":0},"end":{"line":37,"column":43}},"37":{"start":{"line":38,"column":0},"end":{"line":38,"column":104}},"38":{"start":{"line":39,"column":0},"end":{"line":39,"column":66}},"39":{"start":{"line":40,"column":0},"end":{"line":40,"column":48}},"40":{"start":{"line":41,"column":0},"end":{"line":41,"column":7}},"41":{"start":{"line":42,"column":0},"end":{"line":42,"column":2}},"42":{"start":{"line":43,"column":0},"end":{"line":43,"column":0}},"43":{"start":{"line":44,"column":0},"end":{"line":44,"column":61}},"44":{"start":{"line":45,"column":0},"end":{"line":45,"column":48}},"45":{"start":{"line":46,"column":0},"end":{"line":46,"column":36}},"46":{"start":{"line":47,"column":0},"end":{"line":47,"column":2}},"47":{"start":{"line":48,"column":0},"end":{"line":48,"column":0}},"48":{"start":{"line":49,"column":0},"end":{"line":49,"column":57}},"49":{"start":{"line":50,"column":0},"end":{"line":50,"column":40}},"50":{"start":{"line":51,"column":0},"end":{"line":51,"column":28}},"51":{"start":{"line":52,"column":0},"end":{"line":52,"column":2}},"52":{"start":{"line":53,"column":0},"end":{"line":53,"column":0}},"53":{"start":{"line":54,"column":0},"end":{"line":54,"column":26}},"54":{"start":{"line":55,"column":0},"end":{"line":55,"column":18}},"55":{"start":{"line":56,"column":0},"end":{"line":56,"column":21}},"56":{"start":{"line":57,"column":0},"end":{"line":57,"column":22}},"57":{"start":{"line":58,"column":0},"end":{"line":58,"column":17}},"58":{"start":{"line":59,"column":0},"end":{"line":59,"column":18}},"59":{"start":{"line":60,"column":0},"end":{"line":60,"column":26}},"60":{"start":{"line":61,"column":0},"end":{"line":61,"column":24}},"61":{"start":{"line":62,"column":0},"end":{"line":62,"column":19}},"62":{"start":{"line":63,"column":0},"end":{"line":63,"column":2}}},"s":{"0":1,"1":1,"2":1,"3":1,"4":1,"5":1,"6":1,"7":1,"8":1,"9":1,"10":1,"11":1,"12":1,"13":1,"14":1,"15":1,"16":1,"17":1,"18":0,"19":0,"20":1,"21":1,"22":1,"23":1,"24":1,"25":1,"26":1,"27":1,"28":1,"29":1,"30":1,"31":1,"32":1,"33":1,"34":1,"35":1,"36":1,"37":2,"38":2,"39":2,"40":1,"41":1,"42":1,"43":1,"44":1,"45":3,"46":3,"47":1,"48":1,"49":1,"50":3,"51":3,"52":1,"53":1,"54":1,"55":1,"56":1,"57":1,"58":1,"59":1,"60":1,"61":1,"62":1},"branchMap":{"0":{"type":"branch","line":13,"loc":{"start":{"line":13,"column":25},"end":{"line":15,"column":2}},"locations":[{"start":{"line":13,"column":25},"end":{"line":15,"column":2}}]},"1":{"type":"branch","line":23,"loc":{"start":{"line":23,"column":21},"end":{"line":25,"column":2}},"locations":[{"start":{"line":23,"column":21},"end":{"line":25,"column":2}}]},"2":{"type":"branch","line":28,"loc":{"start":{"line":28,"column":23},"end":{"line":30,"column":2}},"locations":[{"start":{"line":28,"column":23},"end":{"line":30,"column":2}}]},"3":{"type":"branch","line":29,"loc":{"start":{"line":29,"column":23},"end":{"line":29,"column":47}},"locations":[{"start":{"line":29,"column":23},"end":{"line":29,"column":47}}]},"4":{"type":"branch","line":33,"loc":{"start":{"line":33,"column":31},"end":{"line":42,"column":2}},"locations":[{"start":{"line":33,"column":31},"end":{"line":42,"column":2}}]},"5":{"type":"branch","line":35,"loc":{"start":{"line":35,"column":16},"end":{"line":35,"column":26}},"locations":[{"start":{"line":35,"column":16},"end":{"line":35,"column":26}}]},"6":{"type":"branch","line":37,"loc":{"start":{"line":37,"column":29},"end":{"line":41,"column":5}},"locations":[{"start":{"line":37,"column":29},"end":{"line":41,"column":5}}]},"7":{"type":"branch","line":38,"loc":{"start":{"line":38,"column":61},"end":{"line":38,"column":102}},"locations":[{"start":{"line":38,"column":61},"end":{"line":38,"column":102}}]},"8":{"type":"branch","line":45,"loc":{"start":{"line":45,"column":29},"end":{"line":47,"column":2}},"locations":[{"start":{"line":45,"column":29},"end":{"line":47,"column":2}}]},"9":{"type":"branch","line":50,"loc":{"start":{"line":50,"column":25},"end":{"line":52,"column":2}},"locations":[{"start":{"line":50,"column":25},"end":{"line":52,"column":2}}]}},"b":{"0":[1],"1":[1],"2":[1],"3":[1],"4":[1],"5":[0],"6":[2],"7":[2],"8":[3],"9":[3]},"fnMap":{"0":{"name":"getAllVolunteers","decl":{"start":{"line":13,"column":25},"end":{"line":15,"column":2}},"loc":{"start":{"line":13,"column":25},"end":{"line":15,"column":2}},"line":13},"1":{"name":"findVolunteerById","decl":{"start":{"line":18,"column":27},"end":{"line":20,"column":2}},"loc":{"start":{"line":18,"column":27},"end":{"line":20,"column":2}},"line":18},"2":{"name":"getAllEvents","decl":{"start":{"line":23,"column":21},"end":{"line":25,"column":2}},"loc":{"start":{"line":23,"column":21},"end":{"line":25,"column":2}},"line":23},"3":{"name":"findEventById","decl":{"start":{"line":28,"column":23},"end":{"line":30,"column":2}},"loc":{"start":{"line":28,"column":23},"end":{"line":30,"column":2}},"line":28},"4":{"name":"matchVolunteerToEvent","decl":{"start":{"line":33,"column":31},"end":{"line":42,"column":2}},"loc":{"start":{"line":33,"column":31},"end":{"line":42,"column":2}},"line":33},"5":{"name":"__setMockVolunteers","decl":{"start":{"line":45,"column":29},"end":{"line":47,"column":2}},"loc":{"start":{"line":45,"column":29},"end":{"line":47,"column":2}},"line":45},"6":{"name":"__setMockEvents","decl":{"start":{"line":50,"column":25},"end":{"line":52,"column":2}},"loc":{"start":{"line":50,"column":25},"end":{"line":52,"column":2}},"line":50}},"f":{"0":1,"1":0,"2":1,"3":1,"4":1,"5":3,"6":3}}
}
