TN:
SF:controllers\userController.js
FN:9,validEmail
FN:16,Object.<anonymous>.exports.userAuthHome
FN:20,Object.<anonymous>.exports.login
FN:49,Object.<anonymous>.exports.register
FNF:4
FNH:2
FNDA:6,validEmail
FNDA:0,Object.<anonymous>.exports.userAuthHome
FNDA:7,Object.<anonymous>.exports.login
FNDA:0,Object.<anonymous>.exports.register
DA:1,1
DA:2,1
DA:3,1
DA:4,1
DA:5,1
DA:6,1
DA:7,1
DA:8,1
DA:9,1
DA:10,6
DA:11,6
DA:12,6
DA:13,6
DA:14,1
DA:15,1
DA:16,1
DA:17,0
DA:18,0
DA:19,1
DA:20,1
DA:21,7
DA:22,6
DA:23,4
DA:24,4
DA:25,4
DA:26,4
DA:27,4
DA:28,4
DA:29,4
DA:30,0
DA:31,0
DA:32,3
DA:33,3
DA:34,3
DA:35,2
DA:36,2
DA:37,1
DA:38,1
DA:39,1
DA:40,1
DA:41,4
DA:42,4
DA:43,1
DA:44,1
DA:45,1
DA:46,4
DA:47,7
DA:48,1
DA:49,1
DA:50,0
DA:51,0
DA:52,0
DA:53,0
DA:54,0
DA:55,0
DA:56,0
DA:57,0
DA:58,0
DA:59,0
DA:60,0
DA:61,0
DA:62,0
DA:63,0
LF:63
LH:45
BRDA:9,0,0,6
BRDA:20,1,0,7
BRDA:21,2,0,6
BRDA:21,3,0,1
BRDA:22,4,0,6
BRDA:22,5,0,2
BRDA:23,6,0,4
BRDA:28,7,0,3
BRDA:29,8,0,0
BRDA:32,9,0,3
BRDA:34,10,0,2
BRDA:37,11,0,1
BRDA:42,12,0,1
BRF:13
BRH:12
end_of_record
TN:
SF:database\database.js
FN:5,findUserByEmail
FN:9,createUser
FN:19,getAllUsers
FNF:3
FNH:0
FNDA:0,findUserByEmail
FNDA:0,createUser
FNDA:0,getAllUsers
DA:1,1
DA:2,1
DA:3,1
DA:4,1
DA:5,1
DA:6,0
DA:7,1
DA:8,1
DA:9,1
DA:10,0
DA:11,0
DA:12,0
DA:13,0
DA:14,0
DA:15,0
DA:16,0
DA:17,1
DA:18,1
DA:19,1
DA:20,0
DA:21,0
DA:22,1
LF:22
LH:12
BRF:0
BRH:0
end_of_record
