TN:
SF:controllers\eventManagementController.js
FN:12,Object.<anonymous>.exports.manage
FNF:1
FNH:1
FNDA:3,Object.<anonymous>.exports.manage
DA:1,1
DA:2,1
DA:3,1
DA:4,1
DA:5,1
DA:6,1
DA:7,1
DA:8,1
DA:9,1
DA:10,1
DA:11,1
DA:12,1
DA:13,3
DA:14,3
DA:15,3
DA:16,3
DA:17,3
DA:18,3
DA:19,3
DA:20,3
DA:21,3
DA:22,0
DA:23,0
DA:24,0
DA:25,0
DA:26,0
DA:27,0
DA:28,0
DA:29,0
DA:30,0
DA:31,2
DA:32,2
DA:33,2
DA:34,2
DA:35,2
DA:36,2
DA:37,2
DA:38,2
DA:39,2
DA:40,3
DA:41,0
DA:42,0
DA:43,3
DA:44,3
LF:44
LH:33
BRDA:12,0,0,3
BRDA:21,1,0,0
BRDA:31,2,0,2
BRDA:40,3,0,0
BRF:4
BRH:2
end_of_record
TN:
SF:controllers\userController.js
FN:9,validEmail
FN:15,Object.<anonymous>.exports.userAuthHome
FN:19,Object.<anonymous>.exports.login
FN:47,Object.<anonymous>.exports.register
FNF:4
FNH:4
FNDA:12,validEmail
FNDA:1,Object.<anonymous>.exports.userAuthHome
FNDA:7,Object.<anonymous>.exports.login
FNDA:7,Object.<anonymous>.exports.register
DA:1,1
DA:2,1
DA:3,1
DA:4,1
DA:5,1
DA:6,1
DA:7,1
DA:8,1
DA:9,1
DA:10,12
DA:11,12
DA:12,12
DA:13,12
DA:14,1
DA:15,1
DA:16,1
DA:17,1
DA:18,1
DA:19,1
DA:20,7
DA:21,6
DA:22,4
DA:23,4
DA:24,4
DA:25,4
DA:26,4
DA:27,4
DA:28,4
DA:29,1
DA:30,1
DA:31,2
DA:32,2
DA:33,1
DA:34,1
DA:35,1
DA:36,1
DA:37,1
DA:38,1
DA:39,4
DA:40,4
DA:41,1
DA:42,1
DA:43,1
DA:44,4
DA:45,7
DA:46,1
DA:47,1
DA:48,7
DA:49,6
DA:50,4
DA:51,4
DA:52,4
DA:53,4
DA:54,2
DA:55,2
DA:56,1
DA:57,1
DA:58,1
DA:59,1
DA:60,1
DA:61,4
DA:62,4
DA:63,1
DA:64,1
DA:65,1
DA:66,4
DA:67,7
LF:67
LH:67
BRDA:9,0,0,12
BRDA:15,1,0,1
BRDA:19,2,0,7
BRDA:20,3,0,6
BRDA:20,4,0,1
BRDA:21,5,0,6
BRDA:21,6,0,2
BRDA:22,7,0,4
BRDA:27,8,0,3
BRDA:28,9,0,1
BRDA:31,10,0,2
BRDA:32,11,0,1
BRDA:40,12,0,1
BRDA:47,13,0,7
BRDA:48,14,0,6
BRDA:48,15,0,1
BRDA:49,16,0,6
BRDA:49,17,0,2
BRDA:50,18,0,4
BRDA:52,19,0,3
BRDA:53,20,0,2
BRDA:56,21,0,1
BRDA:62,22,0,1
BRF:23
BRH:23
end_of_record
TN:
SF:database\database.js
FN:6,getAllUsers
FN:11,findUserByEmail
FN:16,createUser
FN:27,getAllEvents
FN:31,findEventByNameAndDate
FN:37,createEvent
FN:53,__setMockUsers
FNF:7
FNH:7
FNDA:5,getAllUsers
FNDA:2,findUserByEmail
FNDA:1,createUser
FNDA:5,getAllEvents
FNDA:2,findEventByNameAndDate
FNDA:1,createEvent
FNDA:4,__setMockUsers
DA:1,1
DA:2,1
DA:3,1
DA:4,1
DA:5,1
DA:6,1
DA:7,5
DA:8,5
DA:9,1
DA:10,1
DA:11,1
DA:12,2
DA:13,2
DA:14,2
DA:15,1
DA:16,1
DA:17,1
DA:18,1
DA:19,1
DA:20,1
DA:21,1
DA:22,1
DA:23,1
DA:24,1
DA:25,1
DA:26,1
DA:27,1
DA:28,5
DA:29,5
DA:30,1
DA:31,1
DA:32,2
DA:33,2
DA:34,2
DA:35,1
DA:36,1
DA:37,1
DA:38,1
DA:39,1
DA:40,1
DA:41,1
DA:42,1
DA:43,1
DA:44,1
DA:45,1
DA:46,1
DA:47,1
DA:48,1
DA:49,1
DA:50,1
DA:51,1
DA:52,1
DA:53,1
DA:54,4
DA:55,4
DA:56,1
DA:57,1
LF:57
LH:57
BRDA:6,0,0,5
BRDA:11,1,0,2
BRDA:13,2,0,2
BRDA:16,3,0,1
BRDA:27,4,0,5
BRDA:31,5,0,2
BRDA:33,6,0,2
BRDA:37,7,0,1
BRDA:53,8,0,4
BRF:9
BRH:9
end_of_record
TN:
SF:routes\eventManagement.js
FNF:0
FNH:0
DA:1,1
DA:2,1
DA:3,1
DA:4,1
DA:5,1
DA:6,1
DA:7,1
DA:8,1
DA:9,1
LF:9
LH:9
BRF:0
BRH:0
end_of_record
